<?xml version="1.0" encoding="UTF-8"?>
<testng-results ignored="0" total="1" passed="1" failed="0" skipped="0">
  <reporter-output>
  </reporter-output>
  <suite started-at="2025-03-03T23:09:03 IST" name="Default suite" finished-at="2025-03-03T23:09:26 IST" duration-ms="22911">
    <groups>
    </groups>
    <test started-at="2025-03-03T23:09:03 IST" name="Default test" finished-at="2025-03-03T23:09:26 IST" duration-ms="22911">
      <class name="tests.PlaceOrderTest">
        <test-method is-config="true" signature="setUpReports()[pri:0, instance:tests.PlaceOrderTest@22ff4249]" started-at="2025-03-03T23:09:03 IST" name="setUpReports" finished-at="2025-03-03T23:09:04 IST" duration-ms="455" status="PASS">
          <reporter-output>
          </reporter-output>
        </test-method> <!-- setUpReports -->
        <test-method is-config="true" signature="setUp()[pri:0, instance:tests.PlaceOrderTest@22ff4249]" started-at="2025-03-03T23:09:04 IST" name="setUp" finished-at="2025-03-03T23:09:08 IST" duration-ms="3741" status="PASS">
          <reporter-output>
          </reporter-output>
        </test-method> <!-- setUp -->
        <test-method signature="testPlaceOrder()[pri:0, instance:tests.PlaceOrderTest@22ff4249]" started-at="2025-03-03T23:09:08 IST" name="testPlaceOrder" finished-at="2025-03-03T23:09:21 IST" duration-ms="13650" status="PASS">
          <reporter-output>
          </reporter-output>
        </test-method> <!-- testPlaceOrder -->
        <test-method is-config="true" signature="tearDown()[pri:0, instance:tests.PlaceOrderTest@22ff4249]" started-at="2025-03-03T23:09:21 IST" name="tearDown" finished-at="2025-03-03T23:09:26 IST" duration-ms="4348" status="PASS">
          <reporter-output>
          </reporter-output>
        </test-method> <!-- tearDown -->
        <test-method is-config="true" signature="writeReport()[pri:0, instance:tests.PlaceOrderTest@22ff4249]" started-at="2025-03-03T23:09:26 IST" name="writeReport" finished-at="2025-03-03T23:09:26 IST" duration-ms="634" status="PASS">
          <reporter-output>
          </reporter-output>
        </test-method> <!-- writeReport -->
      </class> <!-- tests.PlaceOrderTest -->
    </test> <!-- Default test -->
  </suite> <!-- Default suite -->
</testng-results>
